<?xml version="1.0" encoding="UTF-8"?>
<!-- Generated by org.testng.reporters.JUnitReportReporter -->
<testsuite skipped="0" hostname="DESKTOP-EIE0QAD" name="com.training.sanity.tests.CYTC_039" tests="1" failures="0" timestamp="26 Feb 2019 04:16:07 GMT" time="14.214" errors="0">
  <testcase name="repay" time="14.214" classname="com.training.sanity.tests.CYTC_039"/>
</testsuite> <!-- com.training.sanity.tests.CYTC_039 -->
