<?xml version="1.0" encoding="UTF-8"?>
<!-- Generated by org.testng.reporters.JUnitReportReporter -->
<testsuite skipped="0" hostname="DESKTOP-EIE0QAD" name="com.training.sanity.tests.CYTC_068" tests="4" failures="0" timestamp="05 Mar 2019 12:29:17 GMT" time="25.174" errors="0">
  <testcase name="loginTest" time="1.147" classname="com.training.sanity.tests.CYTC_068"/>
  <testcase name="manageadv" time="7.904" classname="com.training.sanity.tests.CYTC_068"/>
  <testcase name="manageadv" time="8.629" classname="com.training.sanity.tests.CYTC_068"/>
  <testcase name="manageadv" time="7.494" classname="com.training.sanity.tests.CYTC_068"/>
</testsuite> <!-- com.training.sanity.tests.CYTC_068 -->
