<?xml version="1.0" encoding="UTF-8"?>
<!-- Generated by org.testng.reporters.JUnitReportReporter -->
<testsuite skipped="0" hostname="DESKTOP-EIE0QAD" name="com.training.sanity.tests.CYT_006" tests="1" failures="0" timestamp="18 Feb 2019 05:21:39 GMT" time="15.148" errors="0">
  <testcase name="validLoginTest" time="15.148" classname="com.training.sanity.tests.CYT_006"/>
</testsuite> <!-- com.training.sanity.tests.CYT_006 -->
