<?xml version="1.0" encoding="UTF-8"?>
<!-- Generated by org.testng.reporters.JUnitReportReporter -->
<testsuite skipped="0" hostname="DESKTOP-EIE0QAD" name="com.training.sanity.tests.CYTC_037" tests="2" failures="0" timestamp="28 Feb 2019 08:43:36 GMT" time="34.522" errors="0">
  <testcase name="adverts" time="23.963" classname="com.training.sanity.tests.CYTC_037"/>
  <testcase name="advert" time="10.559" classname="com.training.sanity.tests.CYTC_037"/>
</testsuite> <!-- com.training.sanity.tests.CYTC_037 -->
