<?xml version="1.0" encoding="UTF-8"?>
<!-- Generated by org.testng.reporters.JUnitReportReporter -->
<testsuite skipped="0" hostname="DESKTOP-EIE0QAD" name="com.training.sanity.tests.CYTC_038" tests="1" failures="0" timestamp="26 Feb 2019 04:17:35 GMT" time="12.467" errors="0">
  <testcase name="advert" time="12.467" classname="com.training.sanity.tests.CYTC_038"/>
</testsuite> <!-- com.training.sanity.tests.CYTC_038 -->
