<?xml version="1.0" encoding="UTF-8"?>
<!-- Generated by org.testng.reporters.JUnitReportReporter -->
<testsuite skipped="0" hostname="DESKTOP-EIE0QAD" name="com.training.sanity.tests.CYTC_006" tests="1" failures="0" timestamp="14 Feb 2019 04:12:50 GMT" time="10.602" errors="0">
  <testcase name="adminvalidLoginTest" time="10.602" classname="com.training.sanity.tests.CYTC_006"/>
</testsuite> <!-- com.training.sanity.tests.CYTC_006 -->
