<?xml version="1.0" encoding="UTF-8"?>
<!-- Generated by org.testng.reporters.JUnitReportReporter -->
<testsuite skipped="0" hostname="DESKTOP-EIE0QAD" name="com.training.sanity.tests.CYTC_065" tests="1" failures="0" timestamp="06 Mar 2019 04:47:44 GMT" time="13.172" errors="0">
  <testcase name="memberloginPOM" time="13.172" classname="com.training.sanity.tests.CYTC_065"/>
</testsuite> <!-- com.training.sanity.tests.CYTC_065 -->
