<?xml version="1.0" encoding="UTF-8"?>
<!-- Generated by org.testng.reporters.JUnitReportReporter -->
<testsuite skipped="0" hostname="DESKTOP-EIE0QAD" name="com.training.sanity.tests.CYTC_037" tests="2" failures="0" timestamp="26 Feb 2019 03:54:35 GMT" time="34.204" errors="0">
  <testcase name="adverts" time="21.894" classname="com.training.sanity.tests.CYTC_037"/>
  <testcase name="advert" time="12.310" classname="com.training.sanity.tests.CYTC_037"/>
</testsuite> <!-- com.training.sanity.tests.CYTC_037 -->
