<?xml version="1.0" encoding="UTF-8"?>
<!-- Generated by org.testng.reporters.JUnitReportReporter -->
<testsuite skipped="0" hostname="DESKTOP-EIE0QAD" name="com.training.sanity.tests.CYT_009" tests="1" failures="0" timestamp="19 Feb 2019 06:05:12 GMT" time="15.559" errors="0">
  <testcase name="cleartext" time="15.559" classname="com.training.sanity.tests.CYT_009"/>
</testsuite> <!-- com.training.sanity.tests.CYT_009 -->
