<?xml version="1.0" encoding="UTF-8"?>
<!-- Generated by org.testng.reporters.JUnitReportReporter -->
<testsuite skipped="0" hostname="DESKTOP-EIE0QAD" name="com.training.sanity.tests.CYTC_038" tests="1" failures="0" timestamp="28 Feb 2019 08:50:31 GMT" time="13.243" errors="0">
  <testcase name="advert" time="13.243" classname="com.training.sanity.tests.CYTC_038"/>
</testsuite> <!-- com.training.sanity.tests.CYTC_038 -->
