<?xml version="1.0" encoding="UTF-8"?>
<!-- Generated by org.testng.reporters.JUnitReportReporter -->
<testsuite skipped="0" hostname="DESKTOP-EIE0QAD" name="com.training.sanity.tests.CYTC_069" tests="1" failures="0" timestamp="08 Mar 2019 08:02:40 GMT" time="18.700" errors="0">
  <testcase name="loginDBTest" time="18.700" classname="com.training.sanity.tests.CYTC_069"/>
</testsuite> <!-- com.training.sanity.tests.CYTC_069 -->
