<?xml version="1.0" encoding="UTF-8"?>
<!-- Generated by org.testng.reporters.JUnitReportReporter -->
<testsuite skipped="0" hostname="DESKTOP-EIE0QAD" name="com.training.sanity.tests.CYTC_070" tests="4" failures="0" timestamp="05 Mar 2019 15:08:59 GMT" time="49.303" errors="0">
  <testcase name="loginTest" time="1.003" classname="com.training.sanity.tests.CYTC_070"/>
  <testcase name="manageadvtment" time="15.306" classname="com.training.sanity.tests.CYTC_070"/>
  <testcase name="manageadvtment" time="16.274" classname="com.training.sanity.tests.CYTC_070"/>
  <testcase name="manageadvtment" time="16.720" classname="com.training.sanity.tests.CYTC_070"/>
</testsuite> <!-- com.training.sanity.tests.CYTC_070 -->
