<?xml version="1.0" encoding="UTF-8"?>
<!-- Generated by org.testng.reporters.JUnitReportReporter -->
<testsuite skipped="0" hostname="DESKTOP-EIE0QAD" name="com.training.sanity.tests.CYTC_036" tests="1" failures="0" timestamp="28 Feb 2019 07:33:54 GMT" time="15.923" errors="0">
  <testcase name="account" time="15.923" classname="com.training.sanity.tests.CYTC_036"/>
</testsuite> <!-- com.training.sanity.tests.CYTC_036 -->
