<?xml version="1.0" encoding="UTF-8"?>
<!-- Generated by org.testng.reporters.JUnitReportReporter -->
<testsuite skipped="0" hostname="DESKTOP-EIE0QAD" name="com.training.sanity.tests.CYTC_036" tests="1" failures="0" timestamp="26 Feb 2019 04:23:27 GMT" time="11.243" errors="0">
  <testcase name="account" time="11.243" classname="com.training.sanity.tests.CYTC_036"/>
</testsuite> <!-- com.training.sanity.tests.CYTC_036 -->
