<?xml version="1.0" encoding="UTF-8"?>
<!-- Generated by org.testng.reporters.JUnitReportReporter -->
<testsuite skipped="0" hostname="DESKTOP-EIE0QAD" name="com.training.sanity.tests.CYT_008" tests="1" failures="0" timestamp="18 Feb 2019 05:38:03 GMT" time="16.535" errors="0">
  <testcase name="adminvalidLoginTest" time="16.535" classname="com.training.sanity.tests.CYT_008"/>
</testsuite> <!-- com.training.sanity.tests.CYT_008 -->
