<?xml version="1.0" encoding="UTF-8"?>
<!-- Generated by org.testng.reporters.JUnitReportReporter -->
<testsuite skipped="0" hostname="DESKTOP-EIE0QAD" name="com.training.sanity.tests.CYT_010" tests="1" failures="0" timestamp="18 Feb 2019 05:00:21 GMT" time="13.046" errors="0">
  <testcase name="cleartext" time="13.046" classname="com.training.sanity.tests.CYT_010"/>
</testsuite> <!-- com.training.sanity.tests.CYT_010 -->
