<?xml version="1.0" encoding="UTF-8"?>
<!-- Generated by org.testng.reporters.JUnitReportReporter -->
<testsuite skipped="0" hostname="DESKTOP-EIE0QAD" name="com.training.sanity.tests.CYT_008" tests="1" failures="0" timestamp="28 Feb 2019 05:34:27 GMT" time="12.793" errors="0">
  <testcase name="adminvalidLoginTest" time="12.793" classname="com.training.sanity.tests.CYT_008"/>
</testsuite> <!-- com.training.sanity.tests.CYT_008 -->
