<?xml version="1.0" encoding="UTF-8"?>
<!-- Generated by org.testng.reporters.JUnitReportReporter -->
<testsuite skipped="0" hostname="DESKTOP-EIE0QAD" name="com.training.sanity.tests.CYTC_040" tests="1" failures="0" timestamp="26 Feb 2019 04:07:12 GMT" time="18.331" errors="0">
  <testcase name="messages" time="18.331" classname="com.training.sanity.tests.CYTC_040"/>
</testsuite> <!-- com.training.sanity.tests.CYTC_040 -->
