<?xml version="1.0" encoding="UTF-8"?>
<!-- Generated by org.testng.reporters.JUnitReportReporter -->
<testsuite skipped="0" hostname="DESKTOP-EIE0QAD" name="com.training.sanity.tests.CYT_009" tests="1" failures="0" timestamp="18 Feb 2019 05:39:32 GMT" time="19.665" errors="0">
  <testcase name="cleartext" time="19.665" classname="com.training.sanity.tests.CYT_009"/>
</testsuite> <!-- com.training.sanity.tests.CYT_009 -->
